
Showing logs for build [32mbeethub-api-pr-9-pr-build-wz5k5-1[0m stage [32mfrom-build-pack[0m and container [32mstep-credential-initializer-kvsc4[0m
{"level":"info","ts":1596320621.9084527,"logger":"fallback-logger","caller":"logging/config.go:69","msg":"Fetch GitHub commit ID from kodata failed: open /var/run/ko/refs/heads/0.8.0-ns-support: no such file or directory"}
{"level":"info","ts":1596320621.9117324,"logger":"fallback-logger","caller":"creds-init/main.go:40","msg":"Credentials initialized."}

Showing logs for build [32mbeethub-api-pr-9-pr-build-wz5k5-1[0m stage [32mfrom-build-pack[0m and container [32mstep-working-dir-initializer-q6tlm[0m
{"level":"info","ts":1596320622.7757988,"logger":"fallback-logger","caller":"logging/config.go:69","msg":"Fetch GitHub commit ID from kodata failed: open /var/run/ko/HEAD: no such file or directory"}
{"level":"info","ts":1596320622.780222,"logger":"fallback-logger","caller":"bash/main.go:64","msg":"Successfully executed command \"sh -c mkdir -p /workspace/source\"; output "}

Showing logs for build [32mbeethub-api-pr-9-pr-build-wz5k5-1[0m stage [32mfrom-build-pack[0m and container [32mstep-place-tools[0m

Showing logs for build [32mbeethub-api-pr-9-pr-build-wz5k5-1[0m stage [32mfrom-build-pack[0m and container [32mstep-git-source-beethub-api-pr-9-pr-build-wz5k5-jx988[0m
{"level":"info","ts":1596320628.8721313,"logger":"fallback-logger","caller":"logging/config.go:69","msg":"Fetch GitHub commit ID from kodata failed: open /var/run/ko/refs/heads/0.8.0-ns-support: no such file or directory"}
{"level":"info","ts":1596320629.2499251,"logger":"fallback-logger","caller":"git/git.go:103","msg":"Successfully cloned https://github.com/beethub/api.git @ master in path /workspace/source"}

Showing logs for build [32mbeethub-api-pr-9-pr-build-wz5k5-1[0m stage [32mfrom-build-pack[0m and container [32mstep-git-merge[0m
Using SHAs from PULL_REFS=master:b3c0a55f159736416eb5ad558b1aa6bc5f9254e3,9:2db64a7762333f9a66c15e8af71efef207b4032d
DEBUG: LC_ALL=C JX_LOG_LEVEL=error git fetch origin --unshallow 2db64a7762333f9a66c15e8af71efef207b4032d: b3c0a55f159736416eb5ad558b1aa6bc5f9254e3:
DEBUG: ran git fetch --unshallow origin 2db64a7762333f9a66c15e8af71efef207b4032d: b3c0a55f159736416eb5ad558b1aa6bc5f9254e3: in 
DEBUG: LC_ALL=C JX_LOG_LEVEL=error git branch
DEBUG: LC_ALL=C JX_LOG_LEVEL=error git checkout master
DEBUG: ran git checkout master in 
DEBUG: LC_ALL=C JX_LOG_LEVEL=error git reset --hard b3c0a55f159736416eb5ad558b1aa6bc5f9254e3
DEBUG: ran git reset --hard b3c0a55f159736416eb5ad558b1aa6bc5f9254e3 in 
DEBUG: LC_ALL=C JX_LOG_LEVEL=error git clean -fd .
DEBUG: ran clean --force -d . in 
DEBUG: LC_ALL=C JX_LOG_LEVEL=error git merge 2db64a7762333f9a66c15e8af71efef207b4032d
DEBUG: ran git merge 2db64a7762333f9a66c15e8af71efef207b4032d in 
DEBUG: JX_LOG_LEVEL=error LC_ALL=C git log --format=%H%x1f%an%x1f%ae%x1f%cn%x1f%ce%x1f%s%n%b%x1e b3c0a55f159736416eb5ad558b1aa6bc5f9254e3..HEAD
Merged SHA 2db64a7762333f9a66c15e8af71efef207b4032d with commit message 'Bump elliptic from 6.5.2 to 6.5.3' into base branch master

Showing logs for build [32mbeethub-api-pr-9-pr-build-wz5k5-1[0m stage [32mfrom-build-pack[0m and container [32mstep-build-npmrc[0m
Command "credential" is deprecated, it will be removed on Jun 1 2020.  This is replaced by Tekton's mounted secrets
WARNING: failed to find Secret npm-token in namespace **

Showing logs for build [32mbeethub-api-pr-9-pr-build-wz5k5-1[0m stage [32mfrom-build-pack[0m and container [32mstep-build-npm-install[0m

> chromedriver@81.0.0 install /workspace/source/node_modules/chromedriver
> node install.js

Current existing ChromeDriver binary is unavailable, proceeding with download and extraction.
Downloading from file:  https://chromedriver.storage.googleapis.com/81.0.4044.69/chromedriver_linux64.zip
Saving to file: /tmp/81.0.4044.69/chromedriver/chromedriver_linux64.zip
Received 1040K...
Received 2080K...
Received 3120K...
Received 4160K...
Received 4840K total.
Extracting zip contents.
Copying to target path /workspace/source/node_modules/chromedriver/lib/chromedriver
Fixing file permissions.
Done. ChromeDriver binary available at /workspace/source/node_modules/chromedriver/lib/chromedriver/chromedriver

> core-js@3.6.5 postinstall /workspace/source/node_modules/core-js
> node -e "try{require('./postinstall')}catch(e){}"


> core-js@2.6.11 postinstall /workspace/source/node_modules/fbjs/node_modules/core-js
> node -e "try{require('./postinstall')}catch(e){}"


> @apollo/protobufjs@1.0.4 postinstall /workspace/source/node_modules/@apollo/protobufjs
> node scripts/postinstall


> nodemon@2.0.3 postinstall /workspace/source/node_modules/nodemon
> node bin/postinstall || exit 0

[32mLove nodemon? You can now support the project via the open collective:[22m[39m
 > [96m[1mhttps://opencollective.com/nodemon/donate[0m

npm WARN api@1.0.0 No repository field.
npm WARN optional SKIPPING OPTIONAL DEPENDENCY: fsevents@2.1.2 (node_modules/fsevents):
npm WARN notsup SKIPPING OPTIONAL DEPENDENCY: Unsupported platform for fsevents@2.1.2: wanted {"os":"darwin","arch":"any"} (current: {"os":"linux","arch":"x64"})

added 896 packages from 605 contributors and audited 901 packages in 16.629s
found 471 low severity vulnerabilities
  run `npm audit fix` to fix them, or `npm audit` for details

Showing logs for build [32mbeethub-api-pr-9-pr-build-wz5k5-1[0m stage [32mfrom-build-pack[0m and container [32mstep-build-npm-test[0m

> api@1.0.0 test /workspace/source
> echo "DEBUG: no test specified" && exit 0

DEBUG: no test specified

Showing logs for build [32mbeethub-api-pr-9-pr-build-wz5k5-1[0m stage [32mfrom-build-pack[0m and container [32mstep-build-container-build[0m
E0801 22:24:12.641836      10 aws_credentials.go:77] while getting AWS credentials NoCredentialProviders: no valid providers in chain. Deprecated.
	For verbose messaging see aws.Config.CredentialsChainVerboseErrors
[36mINFO[0m[0001] Using dockerignore file: /workspace/source/.dockerignore 
[36mINFO[0m[0001] Retrieving image manifest node:10-slim       
[36mINFO[0m[0001] Retrieving image manifest node:10-slim       
[36mINFO[0m[0001] Built cross stage deps: map[]                
[36mINFO[0m[0001] Retrieving image manifest node:10-slim       
[36mINFO[0m[0001] Retrieving image manifest node:10-slim       
[36mINFO[0m[0002] Executing 0 build triggers                   
[36mINFO[0m[0002] cmd: EXPOSE                                  
[36mINFO[0m[0002] Adding exposed port: 4000/tcp                
[36mINFO[0m[0002] Checking for cached layer docker.io/todo/cache:adc0efb62ef4fd21b2e39e0f677b794394c04e179ddf699eed81679f33d268b8... 
[36mINFO[0m[0002] No cached layer found for cmd COPY package-lock.json package.json ./ 
error building image: error building stage: failed to optimize instructions: failed to get files used from context: failed to get fileinfo for /workspace/source/dist: lstat /workspace/source/dist: no such file or directory
[31m
Pipeline failed on stage 'from-build-pack' : container 'step-build-container-build'. The execution of the pipeline has stopped.[0m
