
Showing logs for build [32mbeethub-api-master-nn25v-1[0m stage [32mfrom-build-pack[0m and container [32mstep-credential-initializer-wzxxh[0m
{"level":"warn","ts":1587338720.814851,"logger":"fallback-logger","caller":"logging/config.go:69","msg":"Fetch GitHub commit ID from kodata failed: \"ref: refs/heads/0.8.0-**-support-backwards-incompats\" is not a valid GitHub commit ID"}
{"level":"info","ts":1587338720.817177,"logger":"fallback-logger","caller":"creds-init/main.go:40","msg":"Credentials initialized."}

Showing logs for build [32mbeethub-api-master-nn25v-1[0m stage [32mfrom-build-pack[0m and container [32mstep-working-dir-initializer-j68xf[0m
{"level":"warn","ts":1587338721.9565332,"logger":"fallback-logger","caller":"logging/config.go:69","msg":"Fetch GitHub commit ID from kodata failed: open /var/run/ko/HEAD: no such file or directory"}
{"level":"info","ts":1587338721.9591434,"logger":"fallback-logger","caller":"bash/main.go:64","msg":"Successfully executed command \"sh -c mkdir -p /workspace/source\"; output "}

Showing logs for build [32mbeethub-api-master-nn25v-1[0m stage [32mfrom-build-pack[0m and container [32mstep-place-tools[0m

Showing logs for build [32mbeethub-api-master-nn25v-1[0m stage [32mfrom-build-pack[0m and container [32mstep-git-source-beethub-api-master-nn25v-lj6f4[0m
{"level":"warn","ts":1587338729.1519864,"logger":"fallback-logger","caller":"logging/config.go:69","msg":"Fetch GitHub commit ID from kodata failed: \"ref: refs/heads/0.8.0-**-support-backwards-incompats\" is not a valid GitHub commit ID"}
{"level":"info","ts":1587338729.455618,"logger":"fallback-logger","caller":"git/git.go:103","msg":"Successfully cloned https://github.com/beethub/api.git @ v0.0.1 in path /workspace/source"}

Showing logs for build [32mbeethub-api-master-nn25v-1[0m stage [32mfrom-build-pack[0m and container [32mstep-git-merge[0m
Using SHAs from PULL_REFS=master:0ea027f888be76ebebe97d5cf6d319da6d44011f
WARNING: no SHAs to merge, falling back to initial cloned commit

Showing logs for build [32mbeethub-api-master-nn25v-1[0m stage [32mfrom-build-pack[0m and container [32mstep-setup-jx-git-credentials[0m
Generated Git credentials file /workspace/xdg_config/git/credentials

Showing logs for build [32mbeethub-api-master-nn25v-1[0m stage [32mfrom-build-pack[0m and container [32mstep-build-npmrc[0m
Command "credential" is deprecated, it will be removed on Jun 1 2020.  This is replaced by Tekton's mounted secrets
WARNING: failed to find Secret npm-token in namespace **

Showing logs for build [32mbeethub-api-master-nn25v-1[0m stage [32mfrom-build-pack[0m and container [32mstep-build-npm-install[0m

> chromedriver@81.0.0 install /workspace/source/node_modules/chromedriver
> node install.js

Current existing ChromeDriver binary is unavailable, proceeding with download and extraction.
Downloading from file:  https://chromedriver.storage.googleapis.com/81.0.4044.69/chromedriver_linux64.zip
Saving to file: /tmp/81.0.4044.69/chromedriver/chromedriver_linux64.zip
Received 1040K...
Received 2080K...
Received 3120K...
Received 4160K...
Received 4840K total.
Extracting zip contents.
Copying to target path /workspace/source/node_modules/chromedriver/lib/chromedriver
Fixing file permissions.
Done. ChromeDriver binary available at /workspace/source/node_modules/chromedriver/lib/chromedriver/chromedriver

> core-js@3.6.5 postinstall /workspace/source/node_modules/core-js
> node -e "try{require('./postinstall')}catch(e){}"


> core-js@2.6.11 postinstall /workspace/source/node_modules/fbjs/node_modules/core-js
> node -e "try{require('./postinstall')}catch(e){}"


> @apollo/protobufjs@1.0.3 postinstall /workspace/source/node_modules/@apollo/protobufjs
> node scripts/postinstall


> nodemon@2.0.3 postinstall /workspace/source/node_modules/nodemon
> node bin/postinstall || exit 0

[32mLove nodemon? You can now support the project via the open collective:[22m[39m
 > [96m[1mhttps://opencollective.com/nodemon/donate[0m

npm WARN api@1.0.0 No repository field.
npm WARN optional SKIPPING OPTIONAL DEPENDENCY: fsevents@2.1.2 (node_modules/fsevents):
npm WARN notsup SKIPPING OPTIONAL DEPENDENCY: Unsupported platform for fsevents@2.1.2: wanted {"os":"darwin","arch":"any"} (current: {"os":"linux","arch":"x64"})

added 872 packages from 592 contributors and audited 13509 packages in 33.785s
found 0 vulnerabilities


Showing logs for build [32mbeethub-api-master-nn25v-1[0m stage [32mfrom-build-pack[0m and container [32mstep-build-npm-test[0m

> api@1.0.0 test /workspace/source
> echo "Error: no test specified" && exit 1

Error: no test specified
npm ERR! Test failed.  See above for more details.
[31m
Pipeline failed on stage 'from-build-pack' : container 'step-build-npm-test'. The execution of the pipeline has stopped.[0m
