
Showing logs for build [32mbeethub-api-master-release-57xsb-10[0m stage [32mfrom-build-pack[0m and container [32mstep-credential-initializer-frwwj[0m
{"level":"warn","ts":1587519330.7551906,"logger":"fallback-logger","caller":"logging/config.go:69","msg":"Fetch GitHub commit ID from kodata failed: \"ref: refs/heads/0.8.0-**-support-backwards-incompats\" is not a valid GitHub commit ID"}
{"level":"info","ts":1587519330.7568595,"logger":"fallback-logger","caller":"creds-init/main.go:40","msg":"Credentials initialized."}

Showing logs for build [32mbeethub-api-master-release-57xsb-10[0m stage [32mfrom-build-pack[0m and container [32mstep-working-dir-initializer-brkf7[0m
{"level":"warn","ts":1587519331.2405217,"logger":"fallback-logger","caller":"logging/config.go:69","msg":"Fetch GitHub commit ID from kodata failed: open /var/run/ko/HEAD: no such file or directory"}
{"level":"info","ts":1587519331.2440975,"logger":"fallback-logger","caller":"bash/main.go:64","msg":"Successfully executed command \"sh -c mkdir -p /workspace/source\"; output "}

Showing logs for build [32mbeethub-api-master-release-57xsb-10[0m stage [32mfrom-build-pack[0m and container [32mstep-place-tools[0m

Showing logs for build [32mbeethub-api-master-release-57xsb-10[0m stage [32mfrom-build-pack[0m and container [32mstep-git-source-beethub-api-master-release-57xsb-98zw6[0m
{"level":"warn","ts":1587519338.3272185,"logger":"fallback-logger","caller":"logging/config.go:69","msg":"Fetch GitHub commit ID from kodata failed: \"ref: refs/heads/0.8.0-**-support-backwards-incompats\" is not a valid GitHub commit ID"}
{"level":"info","ts":1587519338.6208143,"logger":"fallback-logger","caller":"git/git.go:103","msg":"Successfully cloned https://github.com/beethub/api.git @ v0.0.9 in path /workspace/source"}

Showing logs for build [32mbeethub-api-master-release-57xsb-10[0m stage [32mfrom-build-pack[0m and container [32mstep-git-merge[0m
Using SHAs from PULL_REFS=master:3b81e7d05d0dd46aec9cf517b8514b1b6ec80897
WARNING: no SHAs to merge, falling back to initial cloned commit

Showing logs for build [32mbeethub-api-master-release-57xsb-10[0m stage [32mfrom-build-pack[0m and container [32mstep-setup-jx-git-credentials[0m
Generated Git credentials file /workspace/xdg_config/git/credentials

Showing logs for build [32mbeethub-api-master-release-57xsb-10[0m stage [32mfrom-build-pack[0m and container [32mstep-build-npmrc-ts[0m
Command "credential" is deprecated, it will be removed on Jun 1 2020.  This is replaced by Tekton's mounted secrets
WARNING: failed to find Secret npm-token in namespace **

Showing logs for build [32mbeethub-api-master-release-57xsb-10[0m stage [32mfrom-build-pack[0m and container [32mstep-build-npm-install-ts[0m

> chromedriver@81.0.0 install /workspace/source/node_modules/chromedriver
> node install.js

Current existing ChromeDriver binary is unavailable, proceeding with download and extraction.
Downloading from file:  https://chromedriver.storage.googleapis.com/81.0.4044.69/chromedriver_linux64.zip
Saving to file: /tmp/81.0.4044.69/chromedriver/chromedriver_linux64.zip
Received 1040K...
Received 2080K...
Received 3120K...
Received 4160K...
Received 4840K total.
Extracting zip contents.
Copying to target path /workspace/source/node_modules/chromedriver/lib/chromedriver
Fixing file permissions.
Done. ChromeDriver binary available at /workspace/source/node_modules/chromedriver/lib/chromedriver/chromedriver

> core-js@3.6.5 postinstall /workspace/source/node_modules/core-js
> node -e "try{require('./postinstall')}catch(e){}"


> core-js@2.6.11 postinstall /workspace/source/node_modules/fbjs/node_modules/core-js
> node -e "try{require('./postinstall')}catch(e){}"


> @apollo/protobufjs@1.0.3 postinstall /workspace/source/node_modules/@apollo/protobufjs
> node scripts/postinstall


> nodemon@2.0.3 postinstall /workspace/source/node_modules/nodemon
> node bin/postinstall || exit 0

[32mLove nodemon? You can now support the project via the open collective:[22m[39m
 > [96m[1mhttps://opencollective.com/nodemon/donate[0m

npm WARN api@1.0.0 No repository field.
npm WARN optional SKIPPING OPTIONAL DEPENDENCY: fsevents@2.1.2 (node_modules/fsevents):
npm WARN notsup SKIPPING OPTIONAL DEPENDENCY: Unsupported platform for fsevents@2.1.2: wanted {"os":"darwin","arch":"any"} (current: {"os":"linux","arch":"x64"})

added 882 packages from 599 contributors and audited 13659 packages in 17.123s
found 0 vulnerabilities


Showing logs for build [32mbeethub-api-master-release-57xsb-10[0m stage [32mfrom-build-pack[0m and container [32mstep-build-npm-test-ts[0m

> api@1.0.0 test /workspace/source
> echo "DEBUG: no test specified" && exit 0

DEBUG: no test specified

Showing logs for build [32mbeethub-api-master-release-57xsb-10[0m stage [32mfrom-build-pack[0m and container [32mstep-build-transpile-ts-to-js[0m

> api@1.0.0 build /workspace/source
> tsc && npm run copy-static-assets


> api@1.0.0 copy-static-assets /workspace/source
> ts-node copyStaticAssets.ts


Showing logs for build [32mbeethub-api-master-release-57xsb-10[0m stage [32mfrom-build-pack[0m and container [32mstep-build-container-build-ts[0m
[36mINFO[0m[0000] Downloading base image node:10-slim          
[36mINFO[0m[0000] Error while retrieving image from cache: getting file info: stat /workspace/sha256:1893c2b2f957b1718a0ea41f18fd8d8d2c869724f6e06cfb8cd889aa943b06be: no such file or directory 
[36mINFO[0m[0000] Downloading base image node:10-slim          
[36mINFO[0m[0001] cmd: EXPOSE                                  
[36mINFO[0m[0001] Adding exposed port: 4000/tcp                
[36mINFO[0m[0001] Using files from context: [/workspace/source/package-lock.json /workspace/source/package.json] 
[36mINFO[0m[0001] Checking for cached layer docker.io/todo/cache:154f5f59a62ad04eb61a0b9a131e1048e8c949598ba0ddf4024d737724def449... 
[36mINFO[0m[0001] No cached layer found for cmd RUN npm install --production 
[36mINFO[0m[0001] Unpacking rootfs as cmd RUN npm install --production requires it. 
[36mINFO[0m[0004] Taking snapshot of full filesystem...        
[36mINFO[0m[0005] ENV PORT 4000                                
[36mINFO[0m[0005] No files changed in this command, skipping snapshotting. 
[36mINFO[0m[0005] EXPOSE 4000                                  
[36mINFO[0m[0005] cmd: EXPOSE                                  
[36mINFO[0m[0005] Adding exposed port: 4000/tcp                
[36mINFO[0m[0005] No files changed in this command, skipping snapshotting. 
[36mINFO[0m[0005] WORKDIR /usr/src/app                         
[36mINFO[0m[0005] cmd: workdir                                 
[36mINFO[0m[0005] Changed working directory to /usr/src/app    
[36mINFO[0m[0005] Creating directory /usr/src/app              
[36mINFO[0m[0005] Taking snapshot of files...                  
[36mINFO[0m[0005] ENV  NODE_ENV production                     
[36mINFO[0m[0005] No files changed in this command, skipping snapshotting. 
[36mINFO[0m[0005] Using files from context: [/workspace/source/package-lock.json /workspace/source/package.json] 
[36mINFO[0m[0005] COPY package-lock.json package.json ./       
[36mINFO[0m[0005] Taking snapshot of files...                  
[36mINFO[0m[0005] RUN npm install --production                 
[36mINFO[0m[0005] cmd: /bin/sh                                 
[36mINFO[0m[0005] args: [-c npm install --production]          

> chromedriver@81.0.0 install /usr/src/app/node_modules/chromedriver
> node install.js

Current existing ChromeDriver binary is unavailable, proceeding with download and extraction.
Downloading from file:  https://chromedriver.storage.googleapis.com/81.0.4044.69/chromedriver_linux64.zip
Saving to file: /tmp/81.0.4044.69/chromedriver/chromedriver_linux64.zip
Received 1040K...
Received 2080K...
Received 3120K...
Received 4160K...
Received 4840K total.
Extracting zip contents.
Copying to target path /usr/src/app/node_modules/chromedriver/lib/chromedriver
Fixing file permissions.
Done. ChromeDriver binary available at /usr/src/app/node_modules/chromedriver/lib/chromedriver/chromedriver

> core-js@3.6.5 postinstall /usr/src/app/node_modules/core-js
> node -e "try{require('./postinstall')}catch(e){}"

[96mThank you for using core-js ([94m https://github.com/zloirock/core-js [96m) for polyfilling JavaScript standard library![0m

[96mThe project needs your help! Please consider supporting of core-js on Open Collective or Patreon: [0m
[96m>[94m https://opencollective.com/core-js [0m
[96m>[94m https://www.patreon.com/zloirock [0m

[96mAlso, the author of core-js ([94m https://github.com/zloirock [96m) is looking for a good job -)[0m


> @apollo/protobufjs@1.0.3 postinstall /usr/src/app/node_modules/@apollo/protobufjs
> node scripts/postinstall

npm WARN api@1.0.0 No repository field.

added 336 packages from 328 contributors and audited 13659 packages in 9.301s

25 packages are looking for funding
  run `npm fund` for details

found 0 vulnerabilities

[36mINFO[0m[0016] Taking snapshot of full filesystem...        
[36mINFO[0m[0020] Pushing layer docker.io/todo/cache:154f5f59a62ad04eb61a0b9a131e1048e8c949598ba0ddf4024d737724def449 to cache now 
[36mINFO[0m[0020] Using files from context: [/workspace/source/dist] 
[36mINFO[0m[0020] COPY dist/ .                                 
[36mINFO[0m[0020] Taking snapshot of files...                  
[36mINFO[0m[0020] CMD ["node", "server.js"]                    
[36mINFO[0m[0020] No files changed in this command, skipping snapshotting. 
[33mWARN[0m[0020] error uploading layer to cache: failed to push to destination index.docker.io/todo/cache:154f5f59a62ad04eb61a0b9a131e1048e8c949598ba0ddf4024d737724def449: unsupported status code 401; body:  
2020/04/22 01:36:32 existing blob: sha256:388732cb6ec75a6d65f3a1969c786a00bfa6e67f325a9faac5c059c3a9c4d948
2020/04/22 01:36:32 existing blob: sha256:fdad7b8025516efb6a6249703dc5b016e6a2570eeb2a65dca6df619e4d1effdf
2020/04/22 01:36:32 existing blob: sha256:63279329d1cb252c32f9a8613f58ec0abbfd31d5c887bbe9249862a1d8b680b4
2020/04/22 01:36:32 existing blob: sha256:cda0aae130a5dd991453ad0105dba0e30eb0586d15c732fd1d1adf7e4cec97ca
2020/04/22 01:36:32 existing blob: sha256:5e35bd43cf7898d036f8515be74d45b2e3abd2a5534fc280de63a9c22dd175bd
2020/04/22 01:36:33 pushed blob: sha256:48b9a45f886e5dd30becbc2ac7d2576023ac8bbc29f0a5c872c7d1d3317b7817
2020/04/22 01:36:33 pushed blob: sha256:78f2e2ceb4a807886eeb47853004c4c9390c39c64a2e0ffd896baf57fd22f69a
2020/04/22 01:36:33 pushed blob: sha256:bf69c0bf691bf197e558bf40e1a4dffa2090c2287adf3f982c4faf43221536e3
2020/04/22 01:36:33 pushed blob: sha256:d0131c8134cfb65ab8b6d7c52422af284493b7dd2970685bfde31e83c12c17ee
2020/04/22 01:36:37 pushed blob: sha256:12224d2b110d978f82780a301fe36e06065966e365e0868a0b4c7439e8b4e50e
2020/04/22 01:36:38 index.docker.io/beethub/api:0.0.9: digest: sha256:05bbea3f380764b107f468846aadbbf03ddfed5b1e5b9e559aa2ea470414c605 size: 1727

Showing logs for build [32mbeethub-api-master-release-57xsb-10[0m stage [32mfrom-build-pack[0m and container [32mstep-build-post-build-ts[0m
no CVE provider running in the current ** namespace so skip adding image to be analysed

Showing logs for build [32mbeethub-api-master-release-57xsb-10[0m stage [32mfrom-build-pack[0m and container [32mstep-promote-changelog[0m
Converted /workspace/source/charts/api to an unshallow repository
Generating change log from git ref 8be7d28197397eaf3bff6398737db5120083d2ba => d84619111d2f067a5283c90d62bf2f65af7bc331
Associating user x-0 in users.jenkins.io with email cesarac66@hotmail.com to git GitProvider user with login -0 as emails match
Adding label jenkins.io/git-github-userid=-0 to user x-0 in users.jenkins.io
WARNING: Failed to enrich commit 3b81e7d05d0dd46aec9cf517b8514b1b6ec80897 with issues: User.jenkins.io "x-0" is invalid: metadata.labels: Invalid value: "-0": a valid label must be an empty string or consist of alphanumeric characters, '-', '_' or '.', and must start and end with an alphanumeric character (e.g. 'MyValue',  or 'my_value',  or '12345', regex used for validation is '(([A-Za-z0-9][-A-Za-z0-9_.]*)?[A-Za-z0-9])?')
Associating user x-0 in users.jenkins.io with email cesarac66@hotmail.com to git GitProvider user with login -0 as emails match
Adding label jenkins.io/git-github-userid=-0 to user x-0 in users.jenkins.io
WARNING: Failed to enrich commit 3b81e7d05d0dd46aec9cf517b8514b1b6ec80897 with issues: User.jenkins.io "x-0" is invalid: metadata.labels: Invalid value: "-0": a valid label must be an empty string or consist of alphanumeric characters, '-', '_' or '.', and must start and end with an alphanumeric character (e.g. 'MyValue',  or 'my_value',  or '12345', regex used for validation is '(([A-Za-z0-9][-A-Za-z0-9_.]*)?[A-Za-z0-9])?')
Finding issues in commit messages using git format
WARNING: No release found for beethub/api and tag v0.0.9 so creating a new release
Updated the release information at https://github.com/beethub/api/releases/tag/v0.0.9
generated: /workspace/source/charts/api/templates/release.yaml
Created Release api-0-0-9 resource in namespace **
Updating PipelineActivity beethub-api-master-10 with version 0.0.9
Updated PipelineActivities beethub-api-master-10 with release notes URL: https://github.com/beethub/api/releases/tag/v0.0.9

Showing logs for build [32mbeethub-api-master-release-57xsb-10[0m stage [32mfrom-build-pack[0m and container [32mstep-promote-helm-release[0m
WARNING: No $CHART_REPOSITORY defined so using the default value of: http://jenkins-x-chartmuseum:8080
Adding missing Helm repo: storage.googleapis.com https://storage.googleapis.com/chartmuseum.jenkins-x.io
Successfully added Helm repository storage.googleapis.com.
Adding missing Helm repo: jenkins-x-chartmuseum http://jenkins-x-chartmuseum:8080
Successfully added Helm repository jenkins-x-chartmuseum.
WARNING: No $CHART_REPOSITORY defined so using the default value of: http://jenkins-x-chartmuseum:8080
Uploading chart file api-0.0.9.tgz to http://jenkins-x-chartmuseum:8080/api/charts
Received 201 response: {"saved":true}

Showing logs for build [32mbeethub-api-master-release-57xsb-10[0m stage [32mfrom-build-pack[0m and container [32mstep-promote-jx-promote[0m
WARNING: prow based install so skip waiting for the merge of Pull Requests to go green as currently there is an issue with gettingstatuses from the PR, see https://github.com/jenkins-x/**/issues/2410
WARNING: No $CHART_REPOSITORY defined so using the default value of: http://jenkins-x-chartmuseum:8080
Promoting app api version 0.0.9 to namespace **-staging
WARNING: 
Created Pull Request: https://github.com/beethub/environment-beet-k8s-1-staging/pull/24
Added label updatebot to Pull Request https://github.com/beethub/environment-beet-k8s-1-staging/pull/24
got git provider status pending from PR https://github.com/beethub/environment-beet-k8s-1-staging/pull/24
got git provider status pending from PR https://github.com/beethub/environment-beet-k8s-1-staging/pull/24
got git provider status pending from PR https://github.com/beethub/environment-beet-k8s-1-staging/pull/24
got git provider status pending from PR https://github.com/beethub/environment-beet-k8s-1-staging/pull/24
Pull Request https://github.com/beethub/environment-beet-k8s-1-staging/pull/24 is merged at sha 56bfb2954f991a5bde460c10fc22399034bf0971
Pull Request merged but we are not waiting for the update pipeline to complete!
