
Showing logs for build [32mbeethub-api-master-release-mgwkf-12[0m stage [32mfrom-build-pack[0m and container [32mstep-credential-initializer-5lsdg[0m
{"level":"warn","ts":1587868964.3184996,"logger":"fallback-logger","caller":"logging/config.go:69","msg":"Fetch GitHub commit ID from kodata failed: \"ref: refs/heads/0.8.0-**-support-backwards-incompats\" is not a valid GitHub commit ID"}
{"level":"info","ts":1587868964.318932,"logger":"fallback-logger","caller":"creds-init/main.go:40","msg":"Credentials initialized."}

Showing logs for build [32mbeethub-api-master-release-mgwkf-12[0m stage [32mfrom-build-pack[0m and container [32mstep-working-dir-initializer-74jk9[0m
{"level":"warn","ts":1587868965.269134,"logger":"fallback-logger","caller":"logging/config.go:69","msg":"Fetch GitHub commit ID from kodata failed: open /var/run/ko/HEAD: no such file or directory"}
{"level":"info","ts":1587868965.2850087,"logger":"fallback-logger","caller":"bash/main.go:64","msg":"Successfully executed command \"sh -c mkdir -p /workspace/source\"; output "}

Showing logs for build [32mbeethub-api-master-release-mgwkf-12[0m stage [32mfrom-build-pack[0m and container [32mstep-place-tools[0m

Showing logs for build [32mbeethub-api-master-release-mgwkf-12[0m stage [32mfrom-build-pack[0m and container [32mstep-git-source-beethub-api-master-release-mgwkf-m4784[0m
{"level":"warn","ts":1587868972.3228374,"logger":"fallback-logger","caller":"logging/config.go:69","msg":"Fetch GitHub commit ID from kodata failed: \"ref: refs/heads/0.8.0-**-support-backwards-incompats\" is not a valid GitHub commit ID"}
{"level":"info","ts":1587868972.6061342,"logger":"fallback-logger","caller":"git/git.go:103","msg":"Successfully cloned https://github.com/beethub/api.git @ v0.0.11 in path /workspace/source"}

Showing logs for build [32mbeethub-api-master-release-mgwkf-12[0m stage [32mfrom-build-pack[0m and container [32mstep-git-merge[0m
Using SHAs from PULL_REFS=master:90aaa84be1016a76d3dcc35c9c2d607fc765cea5
WARNING: no SHAs to merge, falling back to initial cloned commit

Showing logs for build [32mbeethub-api-master-release-mgwkf-12[0m stage [32mfrom-build-pack[0m and container [32mstep-setup-jx-git-credentials[0m
Generated Git credentials file /workspace/xdg_config/git/credentials

Showing logs for build [32mbeethub-api-master-release-mgwkf-12[0m stage [32mfrom-build-pack[0m and container [32mstep-build-npmrc-ts[0m
Command "credential" is deprecated, it will be removed on Jun 1 2020.  This is replaced by Tekton's mounted secrets
WARNING: failed to find Secret npm-token in namespace **

Showing logs for build [32mbeethub-api-master-release-mgwkf-12[0m stage [32mfrom-build-pack[0m and container [32mstep-build-npm-install-ts[0m

> chromedriver@81.0.0 install /workspace/source/node_modules/chromedriver
> node install.js

Current existing ChromeDriver binary is unavailable, proceeding with download and extraction.
Downloading from file:  https://chromedriver.storage.googleapis.com/81.0.4044.69/chromedriver_linux64.zip
Saving to file: /tmp/81.0.4044.69/chromedriver/chromedriver_linux64.zip
Received 1024K...
Received 2062K...
Received 3102K...
Received 4128K...
Received 4840K total.
Extracting zip contents.
Copying to target path /workspace/source/node_modules/chromedriver/lib/chromedriver
Fixing file permissions.
Done. ChromeDriver binary available at /workspace/source/node_modules/chromedriver/lib/chromedriver/chromedriver

> core-js@3.6.5 postinstall /workspace/source/node_modules/core-js
> node -e "try{require('./postinstall')}catch(e){}"


> core-js@2.6.11 postinstall /workspace/source/node_modules/fbjs/node_modules/core-js
> node -e "try{require('./postinstall')}catch(e){}"


> @apollo/protobufjs@1.0.3 postinstall /workspace/source/node_modules/@apollo/protobufjs
> node scripts/postinstall


> nodemon@2.0.3 postinstall /workspace/source/node_modules/nodemon
> node bin/postinstall || exit 0

[32mLove nodemon? You can now support the project via the open collective:[22m[39m
 > [96m[1mhttps://opencollective.com/nodemon/donate[0m

npm WARN api@1.0.0 No repository field.
npm WARN optional SKIPPING OPTIONAL DEPENDENCY: fsevents@2.1.2 (node_modules/fsevents):
npm WARN notsup SKIPPING OPTIONAL DEPENDENCY: Unsupported platform for fsevents@2.1.2: wanted {"os":"darwin","arch":"any"} (current: {"os":"linux","arch":"x64"})

added 882 packages from 599 contributors and audited 13746 packages in 16.942s
found 0 vulnerabilities


Showing logs for build [32mbeethub-api-master-release-mgwkf-12[0m stage [32mfrom-build-pack[0m and container [32mstep-build-npm-test-ts[0m

> api@1.0.0 test /workspace/source
> echo "DEBUG: no test specified" && exit 0

DEBUG: no test specified

Showing logs for build [32mbeethub-api-master-release-mgwkf-12[0m stage [32mfrom-build-pack[0m and container [32mstep-build-transpile-ts-to-js[0m

> api@1.0.0 build /workspace/source
> tsc && npm run copy-static-assets


> api@1.0.0 copy-static-assets /workspace/source
> ts-node copyStaticAssets.ts


Showing logs for build [32mbeethub-api-master-release-mgwkf-12[0m stage [32mfrom-build-pack[0m and container [32mstep-build-container-build-ts[0m
[36mINFO[0m[0000] Downloading base image node:10-slim          
[36mINFO[0m[0000] Error while retrieving image from cache: getting file info: stat /workspace/sha256:79809f748c1de29269f1fffc212486a758412e4f0f0c79eaf99408245156a042: no such file or directory 
[36mINFO[0m[0000] Downloading base image node:10-slim          
[36mINFO[0m[0000] cmd: EXPOSE                                  
[36mINFO[0m[0000] Adding exposed port: 4000/tcp                
[36mINFO[0m[0000] Using files from context: [/workspace/source/package-lock.json /workspace/source/package.json] 
[36mINFO[0m[0000] Checking for cached layer docker.io/todo/cache:74f775508d347c16e44ced69b0e27002825c601dff47c9f4e75725ad700cfdb4... 
[36mINFO[0m[0000] No cached layer found for cmd RUN npm install --production 
[36mINFO[0m[0000] Unpacking rootfs as cmd RUN npm install --production requires it. 
[36mINFO[0m[0004] Taking snapshot of full filesystem...        
[36mINFO[0m[0005] ENV PORT 4000                                
[36mINFO[0m[0005] No files changed in this command, skipping snapshotting. 
[36mINFO[0m[0005] EXPOSE 4000                                  
[36mINFO[0m[0005] cmd: EXPOSE                                  
[36mINFO[0m[0005] Adding exposed port: 4000/tcp                
[36mINFO[0m[0005] No files changed in this command, skipping snapshotting. 
[36mINFO[0m[0005] WORKDIR /usr/src/app                         
[36mINFO[0m[0005] cmd: workdir                                 
[36mINFO[0m[0005] Changed working directory to /usr/src/app    
[36mINFO[0m[0005] Creating directory /usr/src/app              
[36mINFO[0m[0005] Taking snapshot of files...                  
[36mINFO[0m[0005] ENV  NODE_ENV production                     
[36mINFO[0m[0005] No files changed in this command, skipping snapshotting. 
[36mINFO[0m[0005] Using files from context: [/workspace/source/package-lock.json /workspace/source/package.json] 
[36mINFO[0m[0005] COPY package-lock.json package.json ./       
[36mINFO[0m[0005] Taking snapshot of files...                  
[36mINFO[0m[0005] RUN npm install --production                 
[36mINFO[0m[0005] cmd: /bin/sh                                 
[36mINFO[0m[0005] args: [-c npm install --production]          

> chromedriver@81.0.0 install /usr/src/app/node_modules/chromedriver
> node install.js

Current existing ChromeDriver binary is unavailable, proceeding with download and extraction.
Downloading from file:  https://chromedriver.storage.googleapis.com/81.0.4044.69/chromedriver_linux64.zip
Saving to file: /tmp/81.0.4044.69/chromedriver/chromedriver_linux64.zip
Received 1040K...
Received 2080K...
Received 3120K...
Received 4160K...
Received 4840K total.
Extracting zip contents.
Copying to target path /usr/src/app/node_modules/chromedriver/lib/chromedriver
Fixing file permissions.
Done. ChromeDriver binary available at /usr/src/app/node_modules/chromedriver/lib/chromedriver/chromedriver

> core-js@3.6.5 postinstall /usr/src/app/node_modules/core-js
> node -e "try{require('./postinstall')}catch(e){}"

[96mThank you for using core-js ([94m https://github.com/zloirock/core-js [96m) for polyfilling JavaScript standard library![0m

[96mThe project needs your help! Please consider supporting of core-js on Open Collective or Patreon: [0m
[96m>[94m https://opencollective.com/core-js [0m
[96m>[94m https://www.patreon.com/zloirock [0m

[96mAlso, the author of core-js ([94m https://github.com/zloirock [96m) is looking for a good job -)[0m


> @apollo/protobufjs@1.0.3 postinstall /usr/src/app/node_modules/@apollo/protobufjs
> node scripts/postinstall

npm WARN api@1.0.0 No repository field.

added 336 packages from 328 contributors and audited 13746 packages in 8.602s

25 packages are looking for funding
  run `npm fund` for details

found 0 vulnerabilities

[36mINFO[0m[0015] Taking snapshot of full filesystem...        
[36mINFO[0m[0019] Using files from context: [/workspace/source/dist] 
[36mINFO[0m[0019] COPY dist/ .                                 
[36mINFO[0m[0019] Taking snapshot of files...                  
[36mINFO[0m[0019] CMD ["node", "server.js"]                    
[36mINFO[0m[0019] No files changed in this command, skipping snapshotting. 
[36mINFO[0m[0019] Pushing layer docker.io/todo/cache:74f775508d347c16e44ced69b0e27002825c601dff47c9f4e75725ad700cfdb4 to cache now 
[33mWARN[0m[0019] error uploading layer to cache: failed to push to destination index.docker.io/todo/cache:74f775508d347c16e44ced69b0e27002825c601dff47c9f4e75725ad700cfdb4: unsupported status code 401; body:  
2020/04/26 02:43:43 mounted blob: sha256:dffc92453adc4373bc160dde6f865500ea6aecece36ab7b6568c37bfd12ea1e8
2020/04/26 02:43:43 mounted blob: sha256:4469156a14f806b7b2147846da99f61aa35bec6d0fce4e9d91f301983af9d145
2020/04/26 02:43:43 mounted blob: sha256:e0e12a9748040266d2d09cc72d614aca34372e71e18eeed24cac348afd749dde
2020/04/26 02:43:43 mounted blob: sha256:ef52e5d248350d9b7264086aeea8f7ddc02075ae900f879fe7f90e53b699927b
2020/04/26 02:43:43 mounted blob: sha256:b248fa9f6d2ae427ad7f00de3537ab256ae7eb413565f8be0773ee9b86ef57d4
2020/04/26 02:43:44 pushed blob: sha256:910395d9f6a8514c5f119eb1c5b8b7067bba6958d7dbc87addd9676d0ce54bfa
2020/04/26 02:43:44 pushed blob: sha256:8e84d71fce2271d6ce6e4a4b1dd624f84767db27478bbdb8054cabf9b9ad2a52
2020/04/26 02:43:44 pushed blob: sha256:ca83dce4a9e107334f221bb9a98fd6dfc053fd87b8f2868f7e08f68595bf9563
2020/04/26 02:43:44 pushed blob: sha256:1174fd64108288323ec8f84797f6df980852c8e404e5a19433be9b63ce93f49f
2020/04/26 02:43:49 pushed blob: sha256:64560aa66717e2f80088908345f49d7ab44b1e8f9e703afd065ef233f64dccd2
2020/04/26 02:43:49 index.docker.io/beethub/api:0.0.11: digest: sha256:41e8a20e9d2f5189b7cecd9c0d52c18d8915a5919399b1ee9b56fecab8921835 size: 1727

Showing logs for build [32mbeethub-api-master-release-mgwkf-12[0m stage [32mfrom-build-pack[0m and container [32mstep-build-post-build-ts[0m
no CVE provider running in the current ** namespace so skip adding image to be analysed

Showing logs for build [32mbeethub-api-master-release-mgwkf-12[0m stage [32mfrom-build-pack[0m and container [32mstep-promote-changelog[0m
Converted /workspace/source/charts/api to an unshallow repository
Generating change log from git ref 63ddaaf859a35ac4878fad4498b6365009d77058 => 31999b7795c31a41716583e774f4f01273b693ca
WARNING: No release found for beethub/api and tag v0.0.11 so creating a new release
Updated the release information at https://github.com/beethub/api/releases/tag/v0.0.11
generated: /workspace/source/charts/api/templates/release.yaml
Created Release api-0-0-11 resource in namespace **
Updating PipelineActivity beethub-api-master-12 with version 0.0.11
Updated PipelineActivities beethub-api-master-12 with release notes URL: https://github.com/beethub/api/releases/tag/v0.0.11

Showing logs for build [32mbeethub-api-master-release-mgwkf-12[0m stage [32mfrom-build-pack[0m and container [32mstep-promote-helm-release[0m
WARNING: No $CHART_REPOSITORY defined so using the default value of: http://jenkins-x-chartmuseum:8080
Adding missing Helm repo: storage.googleapis.com https://storage.googleapis.com/chartmuseum.jenkins-x.io
Successfully added Helm repository storage.googleapis.com.
Adding missing Helm repo: jenkins-x-chartmuseum http://jenkins-x-chartmuseum:8080
Successfully added Helm repository jenkins-x-chartmuseum.
WARNING: No $CHART_REPOSITORY defined so using the default value of: http://jenkins-x-chartmuseum:8080
Uploading chart file api-0.0.11.tgz to http://jenkins-x-chartmuseum:8080/api/charts
Received 201 response: {"saved":true}

Showing logs for build [32mbeethub-api-master-release-mgwkf-12[0m stage [32mfrom-build-pack[0m and container [32mstep-promote-jx-promote[0m
WARNING: prow based install so skip waiting for the merge of Pull Requests to go green as currently there is an issue with gettingstatuses from the PR, see https://github.com/jenkins-x/**/issues/2410
WARNING: No $CHART_REPOSITORY defined so using the default value of: http://jenkins-x-chartmuseum:8080
Promoting app api version 0.0.11 to namespace **-staging
WARNING: 
Created Pull Request: https://github.com/beethub/environment-beet-k8s-1-staging/pull/30
Added label updatebot to Pull Request https://github.com/beethub/environment-beet-k8s-1-staging/pull/30
got git provider status pending from PR https://github.com/beethub/environment-beet-k8s-1-staging/pull/30
got git provider status pending from PR https://github.com/beethub/environment-beet-k8s-1-staging/pull/30
got git provider status pending from PR https://github.com/beethub/environment-beet-k8s-1-staging/pull/30
got git provider status pending from PR https://github.com/beethub/environment-beet-k8s-1-staging/pull/30
Pull Request https://github.com/beethub/environment-beet-k8s-1-staging/pull/30 is merged at sha b546c3a1ca435b94445dcd927335775dd429dfe0
Pull Request merged but we are not waiting for the update pipeline to complete!
