
Showing logs for build [32mbeethub-api-master-release-lv8hs-20[0m stage [32mfrom-build-pack[0m and container [32mstep-credential-initializer-cdn5f[0m
{"level":"warn","ts":1589843643.938369,"logger":"fallback-logger","caller":"logging/config.go:69","msg":"Fetch GitHub commit ID from kodata failed: \"ref: refs/heads/0.8.0-**-support-backwards-incompats\" is not a valid GitHub commit ID"}
{"level":"info","ts":1589843643.9389272,"logger":"fallback-logger","caller":"creds-init/main.go:40","msg":"Credentials initialized."}

Showing logs for build [32mbeethub-api-master-release-lv8hs-20[0m stage [32mfrom-build-pack[0m and container [32mstep-working-dir-initializer-t2zqc[0m
{"level":"warn","ts":1589843645.498445,"logger":"fallback-logger","caller":"logging/config.go:69","msg":"Fetch GitHub commit ID from kodata failed: open /var/run/ko/HEAD: no such file or directory"}
{"level":"info","ts":1589843645.499991,"logger":"fallback-logger","caller":"bash/main.go:64","msg":"Successfully executed command \"sh -c mkdir -p /workspace/source\"; output "}

Showing logs for build [32mbeethub-api-master-release-lv8hs-20[0m stage [32mfrom-build-pack[0m and container [32mstep-place-tools[0m

Showing logs for build [32mbeethub-api-master-release-lv8hs-20[0m stage [32mfrom-build-pack[0m and container [32mstep-git-source-beethub-api-master-release-lv8hs-g4rqm[0m
{"level":"warn","ts":1589843652.5765848,"logger":"fallback-logger","caller":"logging/config.go:69","msg":"Fetch GitHub commit ID from kodata failed: \"ref: refs/heads/0.8.0-**-support-backwards-incompats\" is not a valid GitHub commit ID"}
{"level":"info","ts":1589843652.8710344,"logger":"fallback-logger","caller":"git/git.go:103","msg":"Successfully cloned https://github.com/beethub/api.git @ v0.0.19 in path /workspace/source"}

Showing logs for build [32mbeethub-api-master-release-lv8hs-20[0m stage [32mfrom-build-pack[0m and container [32mstep-git-merge[0m
Using SHAs from PULL_REFS=master:3820c675004a7562e545b14b6feff97ecdf8e1ff
WARNING: no SHAs to merge, falling back to initial cloned commit

Showing logs for build [32mbeethub-api-master-release-lv8hs-20[0m stage [32mfrom-build-pack[0m and container [32mstep-setup-jx-git-credentials[0m
Generated Git credentials file /workspace/xdg_config/git/credentials

Showing logs for build [32mbeethub-api-master-release-lv8hs-20[0m stage [32mfrom-build-pack[0m and container [32mstep-build-npmrc-ts[0m
Command "credential" is deprecated, it will be removed on Jun 1 2020.  This is replaced by Tekton's mounted secrets
WARNING: failed to find Secret npm-token in namespace **

Showing logs for build [32mbeethub-api-master-release-lv8hs-20[0m stage [32mfrom-build-pack[0m and container [32mstep-build-npm-install-ts[0m

> chromedriver@81.0.0 install /workspace/source/node_modules/chromedriver
> node install.js

Current existing ChromeDriver binary is unavailable, proceeding with download and extraction.
Downloading from file:  https://chromedriver.storage.googleapis.com/81.0.4044.69/chromedriver_linux64.zip
Saving to file: /tmp/81.0.4044.69/chromedriver/chromedriver_linux64.zip
Received 1040K...
Received 2080K...
Received 3120K...
Received 4160K...
Received 4840K total.
Extracting zip contents.
Copying to target path /workspace/source/node_modules/chromedriver/lib/chromedriver
Fixing file permissions.
Done. ChromeDriver binary available at /workspace/source/node_modules/chromedriver/lib/chromedriver/chromedriver

> core-js@3.6.5 postinstall /workspace/source/node_modules/core-js
> node -e "try{require('./postinstall')}catch(e){}"


> core-js@2.6.11 postinstall /workspace/source/node_modules/fbjs/node_modules/core-js
> node -e "try{require('./postinstall')}catch(e){}"


> @apollo/protobufjs@1.0.3 postinstall /workspace/source/node_modules/@apollo/protobufjs
> node scripts/postinstall


> nodemon@2.0.3 postinstall /workspace/source/node_modules/nodemon
> node bin/postinstall || exit 0

[32mLove nodemon? You can now support the project via the open collective:[22m[39m
 > [96m[1mhttps://opencollective.com/nodemon/donate[0m

npm WARN api@1.0.0 No repository field.
npm WARN optional SKIPPING OPTIONAL DEPENDENCY: fsevents@2.1.2 (node_modules/fsevents):
npm WARN notsup SKIPPING OPTIONAL DEPENDENCY: Unsupported platform for fsevents@2.1.2: wanted {"os":"darwin","arch":"any"} (current: {"os":"linux","arch":"x64"})

added 885 packages from 600 contributors and audited 890 packages in 16.413s
found 0 vulnerabilities


Showing logs for build [32mbeethub-api-master-release-lv8hs-20[0m stage [32mfrom-build-pack[0m and container [32mstep-build-npm-test-ts[0m

> api@1.0.0 test /workspace/source
> echo "DEBUG: no test specified" && exit 0

DEBUG: no test specified

Showing logs for build [32mbeethub-api-master-release-lv8hs-20[0m stage [32mfrom-build-pack[0m and container [32mstep-build-transpile-ts-to-js[0m

> api@1.0.0 build /workspace/source
> tsc && npm run copy-static-assets


> api@1.0.0 copy-static-assets /workspace/source
> ts-node copyStaticAssets.ts


Showing logs for build [32mbeethub-api-master-release-lv8hs-20[0m stage [32mfrom-build-pack[0m and container [32mstep-build-container-build-ts[0m
[36mINFO[0m[0000] Downloading base image node:10-slim          
[36mINFO[0m[0000] Error while retrieving image from cache: getting file info: stat /workspace/sha256:9dbec6887681e5f3d86d2a49580dc6b7d2e611003b53c88f2ba865052d5e5aba: no such file or directory 
[36mINFO[0m[0000] Downloading base image node:10-slim          
[36mINFO[0m[0001] cmd: EXPOSE                                  
[36mINFO[0m[0001] Adding exposed port: 4000/tcp                
[36mINFO[0m[0001] Using files from context: [/workspace/source/package-lock.json /workspace/source/package.json] 
[36mINFO[0m[0001] Checking for cached layer docker.io/todo/cache:82907ada3deea273c6d4940d414157ad40b0ce98f9ad74f5c56be6474579d155... 
[36mINFO[0m[0001] No cached layer found for cmd RUN npm install --production 
[36mINFO[0m[0001] Unpacking rootfs as cmd RUN npm install --production requires it. 
[36mINFO[0m[0004] Taking snapshot of full filesystem...        
[36mINFO[0m[0005] ENV PORT 4000                                
[36mINFO[0m[0005] No files changed in this command, skipping snapshotting. 
[36mINFO[0m[0005] EXPOSE 4000                                  
[36mINFO[0m[0005] cmd: EXPOSE                                  
[36mINFO[0m[0005] Adding exposed port: 4000/tcp                
[36mINFO[0m[0005] No files changed in this command, skipping snapshotting. 
[36mINFO[0m[0005] WORKDIR /usr/src/app                         
[36mINFO[0m[0005] cmd: workdir                                 
[36mINFO[0m[0005] Changed working directory to /usr/src/app    
[36mINFO[0m[0005] Creating directory /usr/src/app              
[36mINFO[0m[0005] Taking snapshot of files...                  
[36mINFO[0m[0005] ENV  NODE_ENV production                     
[36mINFO[0m[0005] No files changed in this command, skipping snapshotting. 
[36mINFO[0m[0005] Using files from context: [/workspace/source/package-lock.json /workspace/source/package.json] 
[36mINFO[0m[0005] COPY package-lock.json package.json ./       
[36mINFO[0m[0005] Taking snapshot of files...                  
[36mINFO[0m[0005] RUN npm install --production                 
[36mINFO[0m[0005] cmd: /bin/sh                                 
[36mINFO[0m[0005] args: [-c npm install --production]          

> chromedriver@81.0.0 install /usr/src/app/node_modules/chromedriver
> node install.js

Current existing ChromeDriver binary is unavailable, proceeding with download and extraction.
Downloading from file:  https://chromedriver.storage.googleapis.com/81.0.4044.69/chromedriver_linux64.zip
Saving to file: /tmp/81.0.4044.69/chromedriver/chromedriver_linux64.zip
Received 1024K...
Received 2056K...
Received 3096K...
Received 4136K...
Received 4840K total.
Extracting zip contents.
Copying to target path /usr/src/app/node_modules/chromedriver/lib/chromedriver
Fixing file permissions.
Done. ChromeDriver binary available at /usr/src/app/node_modules/chromedriver/lib/chromedriver/chromedriver

> core-js@3.6.5 postinstall /usr/src/app/node_modules/core-js
> node -e "try{require('./postinstall')}catch(e){}"

[96mThank you for using core-js ([94m https://github.com/zloirock/core-js [96m) for polyfilling JavaScript standard library![0m

[96mThe project needs your help! Please consider supporting of core-js on Open Collective or Patreon: [0m
[96m>[94m https://opencollective.com/core-js [0m
[96m>[94m https://www.patreon.com/zloirock [0m

[96mAlso, the author of core-js ([94m https://github.com/zloirock [96m) is looking for a good job -)[0m


> @apollo/protobufjs@1.0.3 postinstall /usr/src/app/node_modules/@apollo/protobufjs
> node scripts/postinstall

npm WARN api@1.0.0 No repository field.

added 292 packages from 287 contributors and audited 890 packages in 8.324s

23 packages are looking for funding
  run `npm fund` for details

found 0 vulnerabilities

[36mINFO[0m[0016] Taking snapshot of full filesystem...        
[36mINFO[0m[0022] Pushing layer docker.io/todo/cache:82907ada3deea273c6d4940d414157ad40b0ce98f9ad74f5c56be6474579d155 to cache now 
[36mINFO[0m[0022] Using files from context: [/workspace/source/dist] 
[36mINFO[0m[0022] COPY dist/ .                                 
[36mINFO[0m[0022] Taking snapshot of files...                  
[36mINFO[0m[0022] CMD ["node", "server.js"]                    
[36mINFO[0m[0022] No files changed in this command, skipping snapshotting. 
[33mWARN[0m[0022] error uploading layer to cache: failed to push to destination index.docker.io/todo/cache:82907ada3deea273c6d4940d414157ad40b0ce98f9ad74f5c56be6474579d155: unsupported status code 401; body:  
2020/05/18 23:15:06 existing blob: sha256:e62d08fa1eb18131b4109c7cbece97f4f7e37d6ea09845a21beb3a899d0c963d
2020/05/18 23:15:06 existing blob: sha256:046339b6eb6f90a55c7687320b4bd4ee50f8f2548d1ade73cc03d025341fe579
2020/05/18 23:15:06 existing blob: sha256:ddfd54cf93ea64aadbc3c93b890234a87754e2a5a9418525df790ab89b1ffd84
2020/05/18 23:15:06 existing blob: sha256:a47967f38a3af593c6410d12c25300369c8166d7eb1415f71b7f36469ba1ca37
2020/05/18 23:15:06 existing blob: sha256:faf966cc3d4389d53e5d7058d3fec5e26f64ca17ae27c83e14e998014c3866d0
2020/05/18 23:15:07 pushed blob: sha256:8559f5c125d6d76d740dead6cecf1f2be81af052f9e078a822781bad97f217ff
2020/05/18 23:15:07 pushed blob: sha256:e190b6d83a3494eddaeea8a8ae7f3788c4610fec8ff181f70e9e499a071536a4
2020/05/18 23:15:08 pushed blob: sha256:373b20e1adb39f8a9db7e331d61977370dab056b5adf1b92ca36f54e7a7a48af
2020/05/18 23:15:08 pushed blob: sha256:52bee6c8fd69548ee8494b1007f9b77d4869b4ff6b5b01f5ae101de0d92e52b7
2020/05/18 23:15:10 pushed blob: sha256:bbb7f4cc11afcdd2afdd1acee1e90306b3ffb1751237d9658ee9ec8eaa6afb93
2020/05/18 23:15:11 index.docker.io/beethub/api:0.0.19: digest: sha256:3d1de9709fc4e93f4d4b9d923fed8f055b4773df2777d1b83be44aab5e765461 size: 1727

Showing logs for build [32mbeethub-api-master-release-lv8hs-20[0m stage [32mfrom-build-pack[0m and container [32mstep-build-post-build-ts[0m
no CVE provider running in the current ** namespace so skip adding image to be analysed

Showing logs for build [32mbeethub-api-master-release-lv8hs-20[0m stage [32mfrom-build-pack[0m and container [32mstep-promote-changelog[0m
Converted /workspace/source/charts/api to an unshallow repository
Generating change log from git ref cc75b2fe9e9be6b83bc81a7ac22cf902cd49bd34 => b9431fb928bb7e9014b4a30efc95112db199775c
Associating user x-0 in users.jenkins.io with email cesarac66@hotmail.com to git GitProvider user with login -0 as emails match
Adding label jenkins.io/git-github-userid=-0 to user x-0 in users.jenkins.io
WARNING: Failed to enrich commit 3820c675004a7562e545b14b6feff97ecdf8e1ff with issues: User.jenkins.io "x-0" is invalid: metadata.labels: Invalid value: "-0": a valid label must be an empty string or consist of alphanumeric characters, '-', '_' or '.', and must start and end with an alphanumeric character (e.g. 'MyValue',  or 'my_value',  or '12345', regex used for validation is '(([A-Za-z0-9][-A-Za-z0-9_.]*)?[A-Za-z0-9])?')
Associating user x-0 in users.jenkins.io with email cesarac66@hotmail.com to git GitProvider user with login -0 as emails match
Adding label jenkins.io/git-github-userid=-0 to user x-0 in users.jenkins.io
WARNING: Failed to enrich commit 3820c675004a7562e545b14b6feff97ecdf8e1ff with issues: User.jenkins.io "x-0" is invalid: metadata.labels: Invalid value: "-0": a valid label must be an empty string or consist of alphanumeric characters, '-', '_' or '.', and must start and end with an alphanumeric character (e.g. 'MyValue',  or 'my_value',  or '12345', regex used for validation is '(([A-Za-z0-9][-A-Za-z0-9_.]*)?[A-Za-z0-9])?')
Finding issues in commit messages using git format
WARNING: No release found for beethub/api and tag v0.0.19 so creating a new release
Updated the release information at https://github.com/beethub/api/releases/tag/v0.0.19
generated: /workspace/source/charts/api/templates/release.yaml
Created Release api-0-0-19 resource in namespace **
Updating PipelineActivity beethub-api-master-20 with version 0.0.19
Updated PipelineActivities beethub-api-master-20 with release notes URL: https://github.com/beethub/api/releases/tag/v0.0.19

Showing logs for build [32mbeethub-api-master-release-lv8hs-20[0m stage [32mfrom-build-pack[0m and container [32mstep-promote-helm-release[0m
WARNING: No $CHART_REPOSITORY defined so using the default value of: http://jenkins-x-chartmuseum:8080
Adding missing Helm repo: storage.googleapis.com https://storage.googleapis.com/chartmuseum.jenkins-x.io
Successfully added Helm repository storage.googleapis.com.
Adding missing Helm repo: jenkins-x-chartmuseum http://jenkins-x-chartmuseum:8080
Successfully added Helm repository jenkins-x-chartmuseum.
WARNING: No $CHART_REPOSITORY defined so using the default value of: http://jenkins-x-chartmuseum:8080
Uploading chart file api-0.0.19.tgz to http://jenkins-x-chartmuseum:8080/api/charts
Received 201 response: {"saved":true}

Showing logs for build [32mbeethub-api-master-release-lv8hs-20[0m stage [32mfrom-build-pack[0m and container [32mstep-promote-jx-promote[0m
WARNING: prow based install so skip waiting for the merge of Pull Requests to go green as currently there is an issue with gettingstatuses from the PR, see https://github.com/jenkins-x/**/issues/2410
WARNING: No $CHART_REPOSITORY defined so using the default value of: http://jenkins-x-chartmuseum:8080
Promoting app api version 0.0.19 to namespace **-staging
WARNING: 
Created Pull Request: https://github.com/beethub/environment-beet-k8s-1-staging/pull/45
Added label updatebot to Pull Request https://github.com/beethub/environment-beet-k8s-1-staging/pull/45
got git provider status pending from PR https://github.com/beethub/environment-beet-k8s-1-staging/pull/45
got git provider status pending from PR https://github.com/beethub/environment-beet-k8s-1-staging/pull/45
got git provider status pending from PR https://github.com/beethub/environment-beet-k8s-1-staging/pull/45
got git provider status pending from PR https://github.com/beethub/environment-beet-k8s-1-staging/pull/45
Pull Request https://github.com/beethub/environment-beet-k8s-1-staging/pull/45 is merged at sha c84cc77dbdf95d7cb6539c09fdfdf25e34233883
Pull Request merged but we are not waiting for the update pipeline to complete!
